<?xml version="1.0" encoding="UTF-8" ?>
<testsuite failures="0" time="0.08" errors="1" skipped="0" tests="1" name="br.com.integrator.test.dao.TestPedidoItens">
  <properties>
[...]
</properties>
  <testcase time="0.08" classname="br.com.integrator.test.dao.TestPedidoItens" name="testSalvar">
    <error type="java.lang.NullPointerException">java.lang.NullPointerException
	at br.com.integrator.test.dao.TestPedidoItens.testSalvar(TestPedidoItens.java:79)
	at sun.reflect.NativeMethodAccessorImpl.invoke0(Native Method)
	at sun.reflect.NativeMethodAccessorImpl.invoke(Unknown Source)
	at sun.reflect.DelegatingMethodAccessorImpl.invoke(Unknown Source)
	at java.lang.reflect.Method.invoke(Unknown Source)
	at org.springframework.test.context.junit4.SpringTestMethod.invoke(SpringTestMethod.java:160)
	at org.springframework.test.context.junit4.SpringMethodRoadie.runTestMethod(SpringMethodRoadie.java:233)
	at org.springframework.test.context.junit4.SpringMethodRoadie$RunBeforesThenTestThenAfters.run(SpringMethodRoadie.java:333)
	at org.springframework.test.context.junit4.SpringMethodRoadie.runWithRepetitions(SpringMethodRoadie.java:217)
	at org.springframework.test.context.junit4.SpringMethodRoadie.runTest(SpringMethodRoadie.java:197)
	at org.springframework.test.context.junit4.SpringMethodRoadie.run(SpringMethodRoadie.java:143)
	at org.springframework.test.context.junit4.SpringJUnit4ClassRunner.invokeTestMethod(SpringJUnit4ClassRunner.java:160)
	at org.junit.internal.runners.JUnit4ClassRunner.runMethods(JUnit4ClassRunner.java:51)
	at org.junit.internal.runners.JUnit4ClassRunner$1.run(JUnit4ClassRunner.java:44)
	at org.junit.internal.runners.ClassRoadie.runUnprotected(ClassRoadie.java:27)
	at org.junit.internal.runners.ClassRoadie.runProtected(ClassRoadie.java:37)
	at org.junit.internal.runners.JUnit4ClassRunner.run(JUnit4ClassRunner.java:42)
	at org.springframework.test.context.junit4.SpringJUnit4ClassRunner.run(SpringJUnit4ClassRunner.java:97)
	at org.apache.maven.surefire.junit4.JUnit4Provider.execute(JUnit4Provider.java:236)
	at org.apache.maven.surefire.junit4.JUnit4Provider.executeTestSet(JUnit4Provider.java:134)
	at org.apache.maven.surefire.junit4.JUnit4Provider.invoke(JUnit4Provider.java:113)
	at sun.reflect.NativeMethodAccessorImpl.invoke0(Native Method)
	at sun.reflect.NativeMethodAccessorImpl.invoke(Unknown Source)
	at sun.reflect.DelegatingMethodAccessorImpl.invoke(Unknown Source)
	at java.lang.reflect.Method.invoke(Unknown Source)
	at org.apache.maven.surefire.util.ReflectionUtils.invokeMethodWithArray(ReflectionUtils.java:189)
	at org.apache.maven.surefire.booter.ProviderFactory$ProviderProxy.invoke(ProviderFactory.java:165)
	at org.apache.maven.surefire.booter.ProviderFactory.invokeProvider(ProviderFactory.java:85)
	at org.apache.maven.surefire.booter.ForkedBooter.runSuitesInProcess(ForkedBooter.java:103)
	at org.apache.maven.surefire.booter.ForkedBooter.main(ForkedBooter.java:74)
</error>
    <system-out>14:00:58,112 DEBUG IntegerType:133 - binding &apos;1&apos; to parameter: 1
14:00:58,112 DEBUG IntegerType:133 - binding &apos;1&apos; to parameter: 1
14:00:58,122 DEBUG IntegerType:133 - binding &apos;0&apos; to parameter: 1
14:00:58,132 DEBUG ShortType:133 - binding &apos;0&apos; to parameter: 2
14:00:58,132 DEBUG StringType:126 - binding null to parameter: 3
14:00:58,132 DEBUG StringType:126 - binding null to parameter: 4
14:00:58,132 DEBUG IntegerType:133 - binding &apos;0&apos; to parameter: 5
14:00:58,132 DEBUG TimestampType:133 - binding &apos;2012-03-27 14:00:58&apos; to parameter: 6
14:00:58,162 DEBUG IntegerType:126 - binding null to parameter: 7
</system-out>
  </testcase>
</testsuite>