<?xml version="1.0" encoding="UTF-8" ?>
<testsuite failures="0" time="0" errors="0" skipped="0" tests="5" name="br.com.integrator.test.dao.DaoSupportTest">
  <properties>
[...]
</properties>
  <testcase time="0" classname="br.com.integrator.test.dao.DaoSupportTest" name="testFindByPrimaryKey"/>
  <testcase time="0" classname="br.com.integrator.test.dao.DaoSupportTest" name="testSaveInsert"/>
  <testcase time="0" classname="br.com.integrator.test.dao.DaoSupportTest" name="testSaveUpdate"/>
  <testcase time="0" classname="br.com.integrator.test.dao.DaoSupportTest" name="testDeleteDetached"/>
  <testcase time="0" classname="br.com.integrator.test.dao.DaoSupportTest" name="testDeleteManaged"/>
</testsuite>